# JRE version: OpenJDK Runtime Environment (11.0.4+11) (build 11.0.4+11-post-Ubuntu-1ubuntu218.04.3)
# Java VM: OpenJDK 64-Bit Server VM (11.0.4+11-post-Ubuntu-1ubuntu218.04.3, mixed mode, sharing, tiered, compressed oops, g1 gc, linux-amd64)
Heap:
 garbage-first heap   total 774144K, used 184952K [0x0000000084c00000, 0x0000000100000000)
  region size 1024K, 3 young (3072K), 3 survivors (3072K)
 Metaspace       used 1018K, capacity 4784K, committed 4864K, reserved 1056768K
  class space    used 99K, capacity 468K, committed 512K, reserved 1048576K
GC Heap History (10 events):
Event: 2.179 GC heap after
{Heap after GC invocations=4 (full 0):
 garbage-first heap   total 129024K, used 58488K [0x0000000084c00000, 0x0000000100000000)
  region size 1024K, 3 young (3072K), 3 survivors (3072K)
 Metaspace       used 1015K, capacity 4784K, committed 4864K, reserved 1056768K
  class space    used 99K, capacity 468K, committed 512K, reserved 1048576K
}
Event: 2.190 GC heap before
{Heap before GC invocations=4 (full 0):
 garbage-first heap   total 129024K, used 75896K [0x0000000084c00000, 0x0000000100000000)
  region size 1024K, 20 young (20480K), 3 survivors (3072K)
 Metaspace       used 1015K, capacity 4784K, committed 4864K, reserved 1056768K
  class space    used 99K, capacity 468K, committed 512K, reserved 1048576K
}
Event: 2.269 GC heap after
{Heap after GC invocations=5 (full 0):
 garbage-first heap   total 258048K, used 76920K [0x0000000084c00000, 0x0000000100000000)
  region size 1024K, 3 young (3072K), 3 survivors (3072K)
 Metaspace       used 1015K, capacity 4784K, committed 4864K, reserved 1056768K
  class space    used 99K, capacity 468K, committed 512K, reserved 1048576K
}
Event: 2.298 GC heap before
{Heap before GC invocations=5 (full 0):
 garbage-first heap   total 258048K, used 105592K [0x0000000084c00000, 0x0000000100000000)
  region size 1024K, 31 young (31744K), 3 survivors (3072K)
 Metaspace       used 1015K, capacity 4784K, committed 4864K, reserved 1056768K
  class space    used 99K, capacity 468K, committed 512K, reserved 1048576K
}
Event: 2.455 GC heap after
{Heap after GC invocations=6 (full 0):
 garbage-first heap   total 258048K, used 106616K [0x0000000084c00000, 0x0000000100000000)
  region size 1024K, 4 young (4096K), 4 survivors (4096K)
 Metaspace       used 1015K, capacity 4784K, committed 4864K, reserved 1056768K
  class space    used 99K, capacity 468K, committed 512K, reserved 1048576K
}
Event: 2.467 GC heap before
{Heap before GC invocations=6 (full 0):
 garbage-first heap   total 258048K, used 134264K [0x0000000084c00000, 0x0000000100000000)
  region size 1024K, 31 young (31744K), 4 survivors (4096K)
 Metaspace       used 1015K, capacity 4784K, committed 4864K, reserved 1056768K
  class space    used 99K, capacity 468K, committed 512K, reserved 1048576K
}
Event: 2.622 GC heap after
{Heap after GC invocations=7 (full 0):
 garbage-first heap   total 258048K, used 134776K [0x0000000084c00000, 0x0000000100000000)
  region size 1024K, 4 young (4096K), 4 survivors (4096K)
 Metaspace       used 1015K, capacity 4784K, committed 4864K, reserved 1056768K
  class space    used 99K, capacity 468K, committed 512K, reserved 1048576K
}
Event: 2.631 GC heap before
{Heap before GC invocations=7 (full 0):
 garbage-first heap   total 258048K, used 162424K [0x0000000084c00000, 0x0000000100000000)
  region size 1024K, 31 young (31744K), 4 survivors (4096K)
 Metaspace       used 1018K, capacity 4784K, committed 4864K, reserved 1056768K
  class space    used 99K, capacity 468K, committed 512K, reserved 1048576K
}
Event: 2.796 GC heap after
{Heap after GC invocations=8 (full 0):
 garbage-first heap   total 258048K, used 162936K [0x0000000084c00000, 0x0000000100000000)
  region size 1024K, 4 young (4096K), 4 survivors (4096K)
 Metaspace       used 1018K, capacity 4784K, committed 4864K, reserved 1056768K
  class space    used 99K, capacity 468K, committed 512K, reserved 1048576K
}
Event: 2.804 GC heap before
{Heap before GC invocations=8 (full 0):
 garbage-first heap   total 258048K, used 183416K [0x0000000084c00000, 0x0000000100000000)
  region size 1024K, 24 young (24576K), 4 survivors (4096K)
 Metaspace       used 1018K, capacity 4784K, committed 4864K, reserved 1056768K
  class space    used 99K, capacity 468K, committed 512K, reserved 1048576K
}

